C51 COMPILER V9.53.0.0   MAIN                                                              10/21/2018 20:14:43 PAGE 1   


C51 COMPILER V9.53.0.0, COMPILATION OF MODULE MAIN
OBJECT MODULE PLACED IN main.OBJ
COMPILER INVOKED BY: C:\Keil_v5\C51\BIN\C51.EXE main.c OPTIMIZE(8,SPEED) BROWSE DEBUG OBJECTEXTEND TABS(2)

line level    source

   1          #include"lcd_h.h"
   2          #include"types.h"
   3          
   4          extern delay_ms(u16);
   5          
   6          void main()
   7          {
   8   1        u8 i,cur,start;
   9   1        
  10   1        LCD_init();
  11   1        LCD_cmd(0x0c);//To disable cursor-and-cursor blinking
  12   1        start = 0x80;
  13   1        while(1)
  14   1        {
  15   2          LCD_cmd(0x01);
  16   2          LCD_cmd(start);
  17   2          cur = start;
  18   2          for(i=0;i<5;i++)
  19   2          {
  20   3            LCD_data("Manoj"[i]);
  21   3            cur++;
  22   3            if(cur == 0x90)
  23   3            {
  24   4              cur = 0x80;
  25   4              LCD_cmd(0x80);
  26   4            }
  27   3          }
  28   2          start++;
  29   2          if(start == 0x90)
  30   2          {
  31   3            start = 0x80;
  32   3          }
  33   2          delay_ms(100);
  34   2        }
  35   1      }


MODULE INFORMATION:   STATIC OVERLAYABLE
   CODE SIZE        =     80    ----
   CONSTANT SIZE    =      6    ----
   XDATA SIZE       =   ----    ----
   PDATA SIZE       =   ----    ----
   DATA SIZE        =   ----       3
   IDATA SIZE       =   ----    ----
   BIT SIZE         =   ----    ----
END OF MODULE INFORMATION.


C51 COMPILATION COMPLETE.  0 WARNING(S),  0 ERROR(S)
