C51 COMPILER V9.53.0.0   LCD                                                               10/21/2018 19:44:46 PAGE 1   


C51 COMPILER V9.53.0.0, COMPILATION OF MODULE LCD
OBJECT MODULE PLACED IN lcd.OBJ
COMPILER INVOKED BY: C:\Keil_v5\C51\BIN\C51.EXE lcd.c OPTIMIZE(8,SPEED) BROWSE DEBUG OBJECTEXTEND TABS(2)

line level    source

   1          #include<reg51.h>
   2          #include"types.h"
   3          #define lcd P0
   4          
   5          extern delay_ms(unsigned int);
   6          
   7          sbit RS=P2^1;
   8          sbit RW=P2^2;
   9          sbit EN=P2^3;
  10          
  11          void LCD_write(u8 dat)
  12          {
  13   1        RW=0;
  14   1        lcd=dat;
  15   1        EN=1;
  16   1        delay_ms(2);
  17   1        EN=0;
  18   1      }
  19          void LCD_data(u8 ch)
  20          {
  21   1        RS=1;
  22   1        LCD_write(ch);
  23   1      }
  24          void LCD_cmd(u8 cmd)
  25          {
  26   1        RS=0;
  27   1        LCD_write(cmd);
  28   1      }
  29          void LCD_str(u8 *p)
  30          {
  31   1        while(*p)
  32   1          LCD_data(*p++);
  33   1      }
  34          void LCD_int(u32 n)
  35          {
  36   1        u8 a[11],i=0;
  37   1        if(n==0)
  38   1          LCD_data('0');
  39   1        else
  40   1        {
  41   2          while(n)
  42   2          {
  43   3            a[i++]=n%10;
  44   3            n/=10;
  45   3          }
  46   2          for(;i>0;i--)
  47   2          {
  48   3            LCD_data(a[i-1]+'0');
  49   3          }
  50   2        }
  51   1      }
  52          void LCD_init(void)
  53          {
  54   1        LCD_cmd(0x38);
  55   1        LCD_cmd(0x06);
C51 COMPILER V9.53.0.0   LCD                                                               10/21/2018 19:44:46 PAGE 2   

  56   1        LCD_cmd(0x0c);
  57   1      }


MODULE INFORMATION:   STATIC OVERLAYABLE
   CODE SIZE        =    198    ----
   CONSTANT SIZE    =   ----    ----
   XDATA SIZE       =   ----    ----
   PDATA SIZE       =   ----    ----
   DATA SIZE        =   ----      19
   IDATA SIZE       =   ----    ----
   BIT SIZE         =   ----    ----
END OF MODULE INFORMATION.


C51 COMPILATION COMPLETE.  0 WARNING(S),  0 ERROR(S)
