C51 COMPILER V9.53.0.0   MAIN                                                              10/21/2018 19:46:13 PAGE 1   


C51 COMPILER V9.53.0.0, COMPILATION OF MODULE MAIN
OBJECT MODULE PLACED IN main.OBJ
COMPILER INVOKED BY: C:\Keil_v5\C51\BIN\C51.EXE main.c OPTIMIZE(8,SPEED) BROWSE DEBUG OBJECTEXTEND TABS(2)

line level    source

   1          #include"lcd_h.h"
   2          #include"i2c_h.h"
   3          #include"types.h"
   4          
   5          extern delay_ms(u16);
   6          
   7          void main()
   8          {
   9   1        u8 i;
  10   1        LCD_init();
  11   1        LCD_cmd(0x01);
  12   1        LCD_str("EEPROM TEST...");
  13   1        delay_ms(1000);
  14   1        for(i = 0;i < 5; i++)
  15   1        {
  16   2          i2cDevWrite(0xa0,i,'A'+i);
  17   2        }
  18   1        LCD_cmd(0x01);
  19   1        for(i = 0;i < 5; i++)
  20   1        {
  21   2          LCD_data(i2cDevRead(0xa0,i));
  22   2        }
  23   1        delay_ms(5000);
  24   1        while(1);
  25   1      }
*** WARNING C316 IN LINE 25 OF main.c: unterminated conditionals


MODULE INFORMATION:   STATIC OVERLAYABLE
   CODE SIZE        =     84    ----
   CONSTANT SIZE    =     15    ----
   XDATA SIZE       =   ----    ----
   PDATA SIZE       =   ----    ----
   DATA SIZE        =   ----       1
   IDATA SIZE       =   ----    ----
   BIT SIZE         =   ----    ----
END OF MODULE INFORMATION.


C51 COMPILATION COMPLETE.  1 WARNING(S),  0 ERROR(S)
