C51 COMPILER V9.53.0.0   MAIN                                                              10/21/2018 20:00:27 PAGE 1   


C51 COMPILER V9.53.0.0, COMPILATION OF MODULE MAIN
OBJECT MODULE PLACED IN main.OBJ
COMPILER INVOKED BY: C:\Keil_v5\C51\BIN\C51.EXE main.c OPTIMIZE(8,SPEED) BROWSE DEBUG OBJECTEXTEND TABS(2)

line level    source

   1          #include"lcd_h.h"
   2          #include"i2c_h.h"
   3          
   4          extern delay_ms(u16);
   5          
   6          void main()
   7          {
   8   1        u8 hrs = 0x23, mins = 0x59, secs = 0x50;
   9   1        
  10   1        LCD_init();
  11   1        LCD_str("I2C RTC TEST");
  12   1        delay_ms(1000);
  13   1        LCD_cmd(0x01);
  14   1        LCD_str("Config Time...");
  15   1        i2cDevWrite(0xd0,0x02,hrs);
  16   1        i2cDevWrite(0xd0,0x01,mins);
  17   1        i2cDevWrite(0xd0,0x00,secs);
  18   1        delay_ms(1000);
  19   1        LCD_cmd(0x01);
  20   1        LCD_str("Reading Time...");
  21   1        while(1)
  22   1        {
  23   2          LCD_cmd(0xc0);
  24   2          hrs = i2cDevRead(0xd0,0x02);
  25   2          LCD_data((hrs/16)+48);
  26   2          LCD_data((hrs%16)+48);
  27   2          LCD_data(':');
  28   2          
  29   2          mins = i2cDevRead(0xd0,0x01);
  30   2          LCD_data((mins/16)+48);
  31   2          LCD_data((mins%16)+48);
  32   2          LCD_data(':');
  33   2          
  34   2          secs = i2cDevRead(0xd0,0x00);
  35   2          LCD_data((secs/16)+48);
  36   2          LCD_data((secs%16)+48);
  37   2        }
  38   1      }
*** WARNING C316 IN LINE 38 OF main.c: unterminated conditionals


MODULE INFORMATION:   STATIC OVERLAYABLE
   CODE SIZE        =    197    ----
   CONSTANT SIZE    =     44    ----
   XDATA SIZE       =   ----    ----
   PDATA SIZE       =   ----    ----
   DATA SIZE        =   ----       3
   IDATA SIZE       =   ----    ----
   BIT SIZE         =   ----    ----
END OF MODULE INFORMATION.


C51 COMPILATION COMPLETE.  1 WARNING(S),  0 ERROR(S)
